c:\users\phila\documents\github\q-learning\solution\debug\vc142.pdb
c:\users\phila\documents\github\q-learning\solution\debug\vc142.idb
c:\users\phila\documents\github\q-learning\solution\debug\c2dmatrix.obj
c:\users\phila\documents\github\q-learning\solution\debug\ccollisionobject.obj
c:\users\phila\documents\github\q-learning\solution\debug\ccontcollisionobject.obj
c:\users\phila\documents\github\q-learning\solution\debug\ccontcontroller.obj
c:\users\phila\documents\github\q-learning\solution\debug\ccontroller.obj
c:\users\phila\documents\github\q-learning\solution\debug\ccontminesweeper.obj
c:\users\phila\documents\github\q-learning\solution\debug\cdisccollisionobject.obj
c:\users\phila\documents\github\q-learning\solution\debug\cdisccontroller.obj
c:\users\phila\documents\github\q-learning\solution\debug\cdiscminesweeper.obj
c:\users\phila\documents\github\q-learning\solution\debug\cparams.obj
c:\users\phila\documents\github\q-learning\solution\debug\cqlearningcontroller.obj
c:\users\phila\documents\github\q-learning\solution\debug\ctimer.obj
c:\users\phila\documents\github\q-learning\solution\debug\main.obj
c:\users\phila\documents\github\q-learning\solution\debug\cminesweeper.obj
c:\users\phila\documents\github\q-learning\solution\debug\utils.obj
c:\users\phila\documents\github\q-learning\solution\debug\smart sweepers.ilk
c:\users\phila\documents\github\q-learning\solution\debug\smart sweepers.exe
c:\users\phila\documents\github\q-learning\solution\debug\smart sweepers.pdb
c:\users\phila\documents\github\q-learning\solution\debug\script1.res
c:\users\phila\documents\github\q-learning\solution\.\debug\smart sweepers.exe
c:\users\phila\documents\github\q-learning\solution\debug\smart sweepers.tlog\cl.command.1.tlog
c:\users\phila\documents\github\q-learning\solution\debug\smart sweepers.tlog\cl.read.1.tlog
c:\users\phila\documents\github\q-learning\solution\debug\smart sweepers.tlog\cl.write.1.tlog
c:\users\phila\documents\github\q-learning\solution\debug\smart sweepers.tlog\link.command.1.tlog
c:\users\phila\documents\github\q-learning\solution\debug\smart sweepers.tlog\link.read.1.tlog
c:\users\phila\documents\github\q-learning\solution\debug\smart sweepers.tlog\link.write.1.tlog
c:\users\phila\documents\github\q-learning\solution\debug\smart sweepers.tlog\rc.command.1.tlog
c:\users\phila\documents\github\q-learning\solution\debug\smart sweepers.tlog\rc.read.1.tlog
c:\users\phila\documents\github\q-learning\solution\debug\smart sweepers.tlog\rc.write.1.tlog
