  CQLearningController.cpp
cl : command line warning D9035: option 'Gm' has been deprecated and will be removed in a future release
C:\Users\phila\Desktop\2019-QLearning\2019-QLearning\clean_slate\C2DMatrix.h(102,17): warning C4018: '<': signed/unsigned mismatch
C:\Users\phila\Desktop\2019-QLearning\2019-QLearning\clean_slate\C2DMatrix.h(108,17): warning C4244: '=': conversion from 'double' to 'float', possible loss of data
C:\Users\phila\Desktop\2019-QLearning\2019-QLearning\clean_slate\C2DMatrix.h(110,17): warning C4244: '=': conversion from 'double' to 'float', possible loss of data
C:\Users\phila\Desktop\2019-QLearning\2019-QLearning\clean_slate\CQLearningController.cpp(44,27): warning C4244: 'initializing': conversion from 'double' to 'int', possible loss of data
C:\Users\phila\Desktop\2019-QLearning\2019-QLearning\clean_slate\CQLearningController.cpp(48,75): warning C4244: 'argument': conversion from 'double' to 'int', possible loss of data
C:\Users\phila\Desktop\2019-QLearning\2019-QLearning\clean_slate\CQLearningController.cpp(52,73): warning C4244: 'argument': conversion from 'double' to 'int', possible loss of data
C:\Users\phila\Desktop\2019-QLearning\2019-QLearning\clean_slate\CQLearningController.cpp(56,14): warning C4244: '=': conversion from 'int' to 'float', possible loss of data
C:\Users\phila\Desktop\2019-QLearning\2019-QLearning\clean_slate\CQLearningController.cpp(88,23): warning C4018: '<': signed/unsigned mismatch
C:\Users\phila\Desktop\2019-QLearning\2019-QLearning\clean_slate\CQLearningController.cpp(98,21): warning C4018: '<': signed/unsigned mismatch
C:\Users\phila\Desktop\2019-QLearning\2019-QLearning\clean_slate\CQLearningController.cpp(99,25): warning C4018: '<': signed/unsigned mismatch
C:\Users\phila\Desktop\2019-QLearning\2019-QLearning\clean_slate\CQLearningController.cpp(102,36): warning C4244: '=': conversion from 'double' to 'int', possible loss of data
C:\Users\phila\Desktop\2019-QLearning\2019-QLearning\clean_slate\CQLearningController.cpp(113,58): warning C4244: '=': conversion from '_Ty1' to 'int', possible loss of data
C:\Users\phila\Desktop\2019-QLearning\2019-QLearning\clean_slate\CQLearningController.cpp(113,58): warning C4244:         with
C:\Users\phila\Desktop\2019-QLearning\2019-QLearning\clean_slate\CQLearningController.cpp(113,58): warning C4244:         [
C:\Users\phila\Desktop\2019-QLearning\2019-QLearning\clean_slate\CQLearningController.cpp(113,58): warning C4244:             _Ty1=double
C:\Users\phila\Desktop\2019-QLearning\2019-QLearning\clean_slate\CQLearningController.cpp(113,58): warning C4244:         ]
C:\Users\phila\Desktop\2019-QLearning\2019-QLearning\clean_slate\CQLearningController.cpp(120,17): warning C4244: 'initializing': conversion from 'double' to 'float', possible loss of data
C:\Users\phila\Desktop\2019-QLearning\2019-QLearning\clean_slate\CQLearningController.cpp(123,21): warning C4244: 'initializing': conversion from 'double' to 'float', possible loss of data
C:\Users\phila\Desktop\2019-QLearning\2019-QLearning\clean_slate\CQLearningController.cpp(142,29): warning C4305: 'initializing': truncation from 'double' to 'float'
  CDiscController.cpp
C:\Users\phila\Desktop\2019-QLearning\2019-QLearning\clean_slate\CQLearningController.cpp(143,22): warning C4244: 'initializing': conversion from '_Ty2' to 'float', possible loss of data
C:\Users\phila\Desktop\2019-QLearning\2019-QLearning\clean_slate\CQLearningController.cpp(143,22): warning C4244:         with
C:\Users\phila\Desktop\2019-QLearning\2019-QLearning\clean_slate\CQLearningController.cpp(143,22): warning C4244:         [
C:\Users\phila\Desktop\2019-QLearning\2019-QLearning\clean_slate\CQLearningController.cpp(143,22): warning C4244:             _Ty2=int
C:\Users\phila\Desktop\2019-QLearning\2019-QLearning\clean_slate\CQLearningController.cpp(143,22): warning C4244:         ]
C:\Users\phila\Desktop\2019-QLearning\2019-QLearning\clean_slate\C2DMatrix.h(102,17): warning C4018: '<': signed/unsigned mismatch
C:\Users\phila\Desktop\2019-QLearning\2019-QLearning\clean_slate\C2DMatrix.h(108,17): warning C4244: '=': conversion from 'double' to 'float', possible loss of data
C:\Users\phila\Desktop\2019-QLearning\2019-QLearning\clean_slate\C2DMatrix.h(110,17): warning C4244: '=': conversion from 'double' to 'float', possible loss of data
C:\Users\phila\Desktop\2019-QLearning\2019-QLearning\clean_slate\CDiscController.cpp(73,20): warning C4018: '<': signed/unsigned mismatch
C:\Users\phila\Desktop\2019-QLearning\2019-QLearning\clean_slate\CDiscController.cpp(124,23): warning C4244: 'argument': conversion from 'double' to 'int', possible loss of data
C:\Users\phila\Desktop\2019-QLearning\2019-QLearning\clean_slate\CDiscController.cpp(171,15): warning C4244: '=': conversion from 'double' to 'int', possible loss of data
C:\Users\phila\Desktop\2019-QLearning\2019-QLearning\clean_slate\CDiscController.cpp(211,21): warning C4018: '<': signed/unsigned mismatch
C:\Users\phila\Desktop\2019-QLearning\2019-QLearning\clean_slate\CDiscController.cpp(212,34): warning C4244: '+=': conversion from '_Ty' to 'float', possible loss of data
C:\Users\phila\Desktop\2019-QLearning\2019-QLearning\clean_slate\CDiscController.cpp(212,34): warning C4244:         with
C:\Users\phila\Desktop\2019-QLearning\2019-QLearning\clean_slate\CDiscController.cpp(212,34): warning C4244:         [
C:\Users\phila\Desktop\2019-QLearning\2019-QLearning\clean_slate\CDiscController.cpp(212,34): warning C4244:             _Ty=double
C:\Users\phila\Desktop\2019-QLearning\2019-QLearning\clean_slate\CDiscController.cpp(212,34): warning C4244:         ]
C:\Users\phila\Desktop\2019-QLearning\2019-QLearning\clean_slate\CDiscController.cpp(213,10): warning C4244: '=': conversion from '_Ty' to 'int', possible loss of data
C:\Users\phila\Desktop\2019-QLearning\2019-QLearning\clean_slate\CDiscController.cpp(213,10): warning C4244:         with
C:\Users\phila\Desktop\2019-QLearning\2019-QLearning\clean_slate\CDiscController.cpp(213,10): warning C4244:         [
C:\Users\phila\Desktop\2019-QLearning\2019-QLearning\clean_slate\CDiscController.cpp(213,10): warning C4244:             _Ty=double
C:\Users\phila\Desktop\2019-QLearning\2019-QLearning\clean_slate\CDiscController.cpp(213,10): warning C4244:         ]
  Generating Code...
C:\Users\phila\Desktop\2019-QLearning\2019-QLearning\clean_slate\CDiscController.cpp(258,25): warning C4018: '<': signed/unsigned mismatch
C2DMatrix.obj : warning LNK4075: ignoring '/EDITANDCONTINUE' due to '/SAFESEH' specification
  smart sweepers.vcxproj -> C:\Users\phila\Desktop\2019-QLearning\2019-QLearning\clean_slate\.\Debug\smart sweepers.exe
